<?xml version="1.0" encoding="UTF-8"?>
<!-- Generated by org.testng.reporters.JUnitReportReporter -->
<testsuite skipped="0" hostname="SZDJZBDT0105" name="testng.TestNG_D1Test" tests="1" failures="0" timestamp="18 一月 2019 01:00:52 GMT" time="0.001" errors="0">
  <testcase name="f" time="0.001" classname="testng.TestNG_D1Test"/>
</testsuite> <!-- testng.TestNG_D1Test -->
