<?xml version="1.0" encoding="UTF-8"?>
<!-- Generated by org.testng.reporters.JUnitReportReporter -->
<testsuite skipped="0" hostname="SZDJZBDT0105" name="demo1.TestDependenceDemo" tests="4" failures="0" timestamp="18 一月 2019 06:17:51 GMT" time="0.010" errors="0">
  <testcase name="restartTomcatService" time="0.007" classname="demo1.TestDependenceDemo"/>
  <testcase name="tomcatServiceIsDown" time="0.001" classname="demo1.TestDependenceDemo"/>
  <testcase name="startAppServer" time="0.001" classname="demo1.TestDependenceDemo"/>
  <testcase name="shutDownApp" time="0.001" classname="demo1.TestDependenceDemo"/>
</testsuite> <!-- demo1.TestDependenceDemo -->
