<?xml version="1.0" encoding="UTF-8"?>
<!-- Generated by org.testng.reporters.JUnitReportReporter -->
<testsuite skipped="0" hostname="SZDJZBDT0105" name="testng.TestGroupsDemo" tests="3" failures="0" timestamp="18 一月 2019 05:50:17 GMT" time="0.008" errors="0">
  <testcase name="t1" time="0.007" classname="testng.TestGroupsDemo"/>
  <testcase name="t2" time="0.000" classname="testng.TestGroupsDemo"/>
  <testcase name="t3" time="0.001" classname="testng.TestGroupsDemo"/>
</testsuite> <!-- testng.TestGroupsDemo -->
