<?xml version="1.0" encoding="UTF-8"?>
<!-- Generated by org.testng.reporters.JUnitReportReporter -->
<testsuite skipped="0" hostname="SZDJZBDT0105" name="testng.TestNG_Demo1" tests="5" failures="0" timestamp="18 一月 2019 02:19:14 GMT" time="0.010" errors="0">
  <testcase name="f" time="0.006" classname="testng.TestNG_Demo1"/>
  <testcase name="t3" time="0.001" classname="testng.TestNG_Demo1"/>
  <testcase name="t5" time="0.000" classname="testng.TestNG_Demo1"/>
  <testcase name="t4" time="0.001" classname="testng.TestNG_Demo1"/>
  <testcase name="t2" time="0.002" classname="testng.TestNG_Demo1"/>
</testsuite> <!-- testng.TestNG_Demo1 -->
