<?xml version="1.0" encoding="UTF-8"?>
<!-- Generated by org.testng.reporters.JUnitReportReporter -->
<testsuite skipped="0" hostname="SZDJZBDT0105" name="demo1.TestNG_D1Test02" tests="4" failures="0" timestamp="18 一月 2019 01:50:23 GMT" time="0.011" errors="0">
  <testcase name="t3" time="0.008" classname="demo1.TestNG_D1Test02"/>
  <testcase name="t2" time="0.001" classname="demo1.TestNG_D1Test02"/>
  <testcase name="t1" time="0.000" classname="demo1.TestNG_D1Test02"/>
  <testcase name="f" time="0.002" classname="demo1.TestNG_D1Test02"/>
</testsuite> <!-- demo1.TestNG_D1Test02 -->
