<?xml version="1.0" encoding="UTF-8"?>
<!-- Generated by org.testng.reporters.JUnitReportReporter -->
<testsuite skipped="0" hostname="SZDJZBDT0105" name="demo1.TestNG_D1Test" tests="1" failures="0" timestamp="18 一月 2019 00:53:22 GMT" time="0.008" errors="0">
  <testcase name="f" time="0.008" classname="demo1.TestNG_D1Test"/>
</testsuite> <!-- demo1.TestNG_D1Test -->
