<?xml version="1.0" encoding="UTF-8"?>
<!-- Generated by org.testng.reporters.JUnitReportReporter -->
<testsuite skipped="0" hostname="SZDJZBDT0105" name="testng.TimeoutTest" tests="1" failures="0" timestamp="18 一月 2019 01:40:45 GMT" time="2.910" errors="0">
  <testcase name="loginTest" time="2.910" classname="testng.TimeoutTest"/>
</testsuite> <!-- testng.TimeoutTest -->
